{"/home/mdk177/ssd/nodeJS/NodeJS-for-Beginners-main/step0/database.js": {"path":"/home/mdk177/ssd/nodeJS/NodeJS-for-Beginners-main/step0/database.js","statementMap":{"0":{"start":{"line":6,"column":0},"end":{"line":12,"column":2}},"1":{"start":{"line":9,"column":4},"end":{"line":9,"column":24}},"2":{"start":{"line":10,"column":4},"end":{"line":10,"column":24}},"3":{"start":{"line":15,"column":19},"end":{"line":44,"column":2}},"4":{"start":{"line":46,"column":22},"end":{"line":57,"column":2}},"5":{"start":{"line":60,"column":0},"end":{"line":63,"column":2}},"6":{"start":{"line":61,"column":2},"end":{"line":61,"column":31}},"7":{"start":{"line":62,"column":2},"end":{"line":62,"column":8}},"8":{"start":{"line":65,"column":0},"end":{"line":72,"column":2}},"9":{"start":{"line":66,"column":15},"end":{"line":66,"column":19}},"10":{"start":{"line":67,"column":2},"end":{"line":70,"column":3}},"11":{"start":{"line":68,"column":17},"end":{"line":68,"column":39}},"12":{"start":{"line":69,"column":4},"end":{"line":69,"column":58}},"13":{"start":{"line":71,"column":2},"end":{"line":71,"column":8}},"14":{"start":{"line":74,"column":0},"end":{"line":77,"column":1}},"15":{"start":{"line":75,"column":15},"end":{"line":75,"column":19}},"16":{"start":{"line":76,"column":2},"end":{"line":76,"column":63}},"17":{"start":{"line":80,"column":16},"end":{"line":80,"column":56}},"18":{"start":{"line":81,"column":13},"end":{"line":81,"column":47}}},"fnMap":{"0":{"name":"(anonymous_0)","decl":{"start":{"line":8,"column":13},"end":{"line":8,"column":14}},"loc":{"start":{"line":8,"column":33},"end":{"line":11,"column":3}},"line":8},"1":{"name":"(anonymous_1)","decl":{"start":{"line":60,"column":26},"end":{"line":60,"column":27}},"loc":{"start":{"line":60,"column":42},"end":{"line":63,"column":1}},"line":60},"2":{"name":"(anonymous_2)","decl":{"start":{"line":65,"column":23},"end":{"line":65,"column":24}},"loc":{"start":{"line":65,"column":45},"end":{"line":72,"column":1}},"line":65},"3":{"name":"(anonymous_3)","decl":{"start":{"line":74,"column":37},"end":{"line":74,"column":38}},"loc":{"start":{"line":74,"column":72},"end":{"line":77,"column":1}},"line":74}},"branchMap":{"0":{"loc":{"start":{"line":67,"column":2},"end":{"line":70,"column":3}},"type":"if","locations":[{"start":{"line":67,"column":2},"end":{"line":70,"column":3}},{"start":{},"end":{}}],"line":67}},"s":{"0":1,"1":139,"2":139,"3":1,"4":1,"5":1,"6":65,"7":65,"8":1,"9":65,"10":65,"11":65,"12":65,"13":65,"14":1,"15":3,"16":3,"17":1,"18":1},"f":{"0":139,"1":65,"2":65,"3":3},"b":{"0":[65,0]},"_coverageSchema":"1a1c01bbd47fc00a2c39e90264f33305004495a9","hash":"b14839faa4a5be2bca1c80a5c363af275a3bd69a"}
,"/home/mdk177/ssd/nodeJS/NodeJS-for-Beginners-main/step0/server.js": {"path":"/home/mdk177/ssd/nodeJS/NodeJS-for-Beginners-main/step0/server.js","statementMap":{"0":{"start":{"line":7,"column":12},"end":{"line":7,"column":21}},"1":{"start":{"line":8,"column":0},"end":{"line":8,"column":33}},"2":{"start":{"line":9,"column":0},"end":{"line":9,"column":26}},"3":{"start":{"line":10,"column":0},"end":{"line":10,"column":29}},"4":{"start":{"line":12,"column":0},"end":{"line":14,"column":2}},"5":{"start":{"line":13,"column":2},"end":{"line":13,"column":21}},"6":{"start":{"line":16,"column":0},"end":{"line":18,"column":2}},"7":{"start":{"line":17,"column":2},"end":{"line":17,"column":22}},"8":{"start":{"line":20,"column":0},"end":{"line":22,"column":2}},"9":{"start":{"line":21,"column":2},"end":{"line":21,"column":24}},"10":{"start":{"line":24,"column":0},"end":{"line":33,"column":2}},"11":{"start":{"line":25,"column":2},"end":{"line":32,"column":3}},"12":{"start":{"line":26,"column":35},"end":{"line":26,"column":43}},"13":{"start":{"line":27,"column":22},"end":{"line":27,"column":73}},"14":{"start":{"line":28,"column":24},"end":{"line":28,"column":70}},"15":{"start":{"line":29,"column":4},"end":{"line":29,"column":29}},"16":{"start":{"line":31,"column":4},"end":{"line":31,"column":48}},"17":{"start":{"line":34,"column":0},"end":{"line":43,"column":2}},"18":{"start":{"line":35,"column":2},"end":{"line":42,"column":3}},"19":{"start":{"line":36,"column":42},"end":{"line":36,"column":50}},"20":{"start":{"line":37,"column":20},"end":{"line":37,"column":64}},"21":{"start":{"line":38,"column":24},"end":{"line":38,"column":68}},"22":{"start":{"line":39,"column":4},"end":{"line":39,"column":29}},"23":{"start":{"line":41,"column":4},"end":{"line":41,"column":48}},"24":{"start":{"line":45,"column":0},"end":{"line":48,"column":2}},"25":{"start":{"line":46,"column":19},"end":{"line":46,"column":41}},"26":{"start":{"line":47,"column":2},"end":{"line":47,"column":35}},"27":{"start":{"line":50,"column":0},"end":{"line":53,"column":2}},"28":{"start":{"line":51,"column":19},"end":{"line":51,"column":41}},"29":{"start":{"line":52,"column":2},"end":{"line":52,"column":20}},"30":{"start":{"line":55,"column":0},"end":{"line":63,"column":2}},"31":{"start":{"line":56,"column":13},"end":{"line":56,"column":26}},"32":{"start":{"line":57,"column":24},"end":{"line":57,"column":49}},"33":{"start":{"line":58,"column":2},"end":{"line":62,"column":3}},"34":{"start":{"line":59,"column":4},"end":{"line":59,"column":23}},"35":{"start":{"line":61,"column":4},"end":{"line":61,"column":27}},"36":{"start":{"line":65,"column":0},"end":{"line":73,"column":2}},"37":{"start":{"line":66,"column":22},"end":{"line":66,"column":30}},"38":{"start":{"line":67,"column":2},"end":{"line":70,"column":3}},"39":{"start":{"line":68,"column":4},"end":{"line":68,"column":23}},"40":{"start":{"line":69,"column":4},"end":{"line":69,"column":10}},"41":{"start":{"line":71,"column":21},"end":{"line":71,"column":63}},"42":{"start":{"line":72,"column":2},"end":{"line":72,"column":34}},"43":{"start":{"line":75,"column":0},"end":{"line":94,"column":2}},"44":{"start":{"line":76,"column":22},"end":{"line":76,"column":30}},"45":{"start":{"line":77,"column":13},"end":{"line":77,"column":26}},"46":{"start":{"line":78,"column":2},"end":{"line":81,"column":3}},"47":{"start":{"line":79,"column":4},"end":{"line":79,"column":23}},"48":{"start":{"line":80,"column":4},"end":{"line":80,"column":10}},"49":{"start":{"line":82,"column":24},"end":{"line":82,"column":49}},"50":{"start":{"line":83,"column":2},"end":{"line":86,"column":3}},"51":{"start":{"line":84,"column":4},"end":{"line":84,"column":23}},"52":{"start":{"line":85,"column":4},"end":{"line":85,"column":10}},"53":{"start":{"line":88,"column":2},"end":{"line":91,"column":3}},"54":{"start":{"line":89,"column":4},"end":{"line":89,"column":23}},"55":{"start":{"line":90,"column":4},"end":{"line":90,"column":10}},"56":{"start":{"line":92,"column":2},"end":{"line":92,"column":39}},"57":{"start":{"line":93,"column":2},"end":{"line":93,"column":21}},"58":{"start":{"line":96,"column":0},"end":{"line":109,"column":2}},"59":{"start":{"line":97,"column":13},"end":{"line":97,"column":26}},"60":{"start":{"line":98,"column":24},"end":{"line":98,"column":49}},"61":{"start":{"line":99,"column":2},"end":{"line":102,"column":3}},"62":{"start":{"line":100,"column":4},"end":{"line":100,"column":23}},"63":{"start":{"line":101,"column":4},"end":{"line":101,"column":10}},"64":{"start":{"line":103,"column":2},"end":{"line":106,"column":3}},"65":{"start":{"line":104,"column":4},"end":{"line":104,"column":23}},"66":{"start":{"line":105,"column":4},"end":{"line":105,"column":10}},"67":{"start":{"line":107,"column":2},"end":{"line":107,"column":30}},"68":{"start":{"line":108,"column":2},"end":{"line":108,"column":21}}},"fnMap":{"0":{"name":"(anonymous_0)","decl":{"start":{"line":12,"column":18},"end":{"line":12,"column":19}},"loc":{"start":{"line":12,"column":32},"end":{"line":14,"column":1}},"line":12},"1":{"name":"(anonymous_1)","decl":{"start":{"line":16,"column":19},"end":{"line":16,"column":20}},"loc":{"start":{"line":16,"column":33},"end":{"line":18,"column":1}},"line":16},"2":{"name":"(anonymous_2)","decl":{"start":{"line":20,"column":19},"end":{"line":20,"column":20}},"loc":{"start":{"line":20,"column":33},"end":{"line":22,"column":1}},"line":20},"3":{"name":"(anonymous_3)","decl":{"start":{"line":24,"column":19},"end":{"line":24,"column":20}},"loc":{"start":{"line":24,"column":39},"end":{"line":33,"column":1}},"line":24},"4":{"name":"(anonymous_4)","decl":{"start":{"line":34,"column":20},"end":{"line":34,"column":21}},"loc":{"start":{"line":34,"column":40},"end":{"line":43,"column":1}},"line":34},"5":{"name":"(anonymous_5)","decl":{"start":{"line":45,"column":18},"end":{"line":45,"column":19}},"loc":{"start":{"line":45,"column":38},"end":{"line":48,"column":1}},"line":45},"6":{"name":"(anonymous_6)","decl":{"start":{"line":50,"column":50},"end":{"line":50,"column":51}},"loc":{"start":{"line":50,"column":70},"end":{"line":53,"column":1}},"line":50},"7":{"name":"(anonymous_7)","decl":{"start":{"line":55,"column":54},"end":{"line":55,"column":55}},"loc":{"start":{"line":55,"column":74},"end":{"line":63,"column":1}},"line":55},"8":{"name":"(anonymous_8)","decl":{"start":{"line":65,"column":51},"end":{"line":65,"column":52}},"loc":{"start":{"line":65,"column":71},"end":{"line":73,"column":1}},"line":65},"9":{"name":"(anonymous_9)","decl":{"start":{"line":75,"column":54},"end":{"line":75,"column":55}},"loc":{"start":{"line":75,"column":74},"end":{"line":94,"column":1}},"line":75},"10":{"name":"(anonymous_10)","decl":{"start":{"line":96,"column":57},"end":{"line":96,"column":58}},"loc":{"start":{"line":96,"column":77},"end":{"line":109,"column":1}},"line":96}},"branchMap":{"0":{"loc":{"start":{"line":58,"column":2},"end":{"line":62,"column":3}},"type":"if","locations":[{"start":{"line":58,"column":2},"end":{"line":62,"column":3}},{"start":{"line":60,"column":9},"end":{"line":62,"column":3}}],"line":58},"1":{"loc":{"start":{"line":67,"column":2},"end":{"line":70,"column":3}},"type":"if","locations":[{"start":{"line":67,"column":2},"end":{"line":70,"column":3}},{"start":{},"end":{}}],"line":67},"2":{"loc":{"start":{"line":78,"column":2},"end":{"line":81,"column":3}},"type":"if","locations":[{"start":{"line":78,"column":2},"end":{"line":81,"column":3}},{"start":{},"end":{}}],"line":78},"3":{"loc":{"start":{"line":83,"column":2},"end":{"line":86,"column":3}},"type":"if","locations":[{"start":{"line":83,"column":2},"end":{"line":86,"column":3}},{"start":{},"end":{}}],"line":83},"4":{"loc":{"start":{"line":88,"column":2},"end":{"line":91,"column":3}},"type":"if","locations":[{"start":{"line":88,"column":2},"end":{"line":91,"column":3}},{"start":{},"end":{}}],"line":88},"5":{"loc":{"start":{"line":99,"column":2},"end":{"line":102,"column":3}},"type":"if","locations":[{"start":{"line":99,"column":2},"end":{"line":102,"column":3}},{"start":{},"end":{}}],"line":99},"6":{"loc":{"start":{"line":103,"column":2},"end":{"line":106,"column":3}},"type":"if","locations":[{"start":{"line":103,"column":2},"end":{"line":106,"column":3}},{"start":{},"end":{}}],"line":103}},"s":{"0":1,"1":1,"2":1,"3":1,"4":1,"5":1,"6":1,"7":1,"8":1,"9":0,"10":1,"11":5,"12":5,"13":5,"14":1,"15":1,"16":4,"17":1,"18":4,"19":4,"20":4,"21":1,"22":1,"23":3,"24":1,"25":1,"26":1,"27":1,"28":2,"29":2,"30":1,"31":2,"32":2,"33":2,"34":1,"35":1,"36":1,"37":3,"38":3,"39":2,"40":2,"41":1,"42":1,"43":1,"44":5,"45":5,"46":5,"47":2,"48":2,"49":3,"50":3,"51":1,"52":1,"53":2,"54":1,"55":1,"56":1,"57":1,"58":1,"59":3,"60":3,"61":3,"62":1,"63":1,"64":2,"65":1,"66":1,"67":1,"68":1},"f":{"0":1,"1":1,"2":0,"3":5,"4":4,"5":1,"6":2,"7":2,"8":3,"9":5,"10":3},"b":{"0":[1,1],"1":[2,1],"2":[2,3],"3":[1,2],"4":[1,1],"5":[1,2],"6":[1,1]},"_coverageSchema":"1a1c01bbd47fc00a2c39e90264f33305004495a9","hash":"b48fa84816de42422f7f448725090f8f5beb1b6c"}
,"/home/mdk177/ssd/nodeJS/NodeJS-for-Beginners-main/step0/utils.js": {"path":"/home/mdk177/ssd/nodeJS/NodeJS-for-Beginners-main/step0/utils.js","statementMap":{"0":{"start":{"line":5,"column":24},"end":{"line":5,"column":88}},"1":{"start":{"line":6,"column":2},"end":{"line":6,"column":37}},"2":{"start":{"line":10,"column":2},"end":{"line":12,"column":49}},"3":{"start":{"line":16,"column":16},"end":{"line":16,"column":42}},"4":{"start":{"line":17,"column":2},"end":{"line":20,"column":3}},"5":{"start":{"line":18,"column":4},"end":{"line":18,"column":56}},"6":{"start":{"line":19,"column":4},"end":{"line":19,"column":10}},"7":{"start":{"line":21,"column":2},"end":{"line":28,"column":3}},"8":{"start":{"line":22,"column":24},"end":{"line":22,"column":43}},"9":{"start":{"line":23,"column":20},"end":{"line":23,"column":67}},"10":{"start":{"line":24,"column":4},"end":{"line":24,"column":27}},"11":{"start":{"line":25,"column":4},"end":{"line":25,"column":10}},"12":{"start":{"line":27,"column":4},"end":{"line":27,"column":52}}},"fnMap":{"0":{"name":"checkPasswordStrength","decl":{"start":{"line":3,"column":16},"end":{"line":3,"column":37}},"loc":{"start":{"line":3,"column":49},"end":{"line":7,"column":1}},"line":3},"1":{"name":"generateToken","decl":{"start":{"line":9,"column":16},"end":{"line":9,"column":29}},"loc":{"start":{"line":9,"column":37},"end":{"line":13,"column":1}},"line":9},"2":{"name":"requireAuthentication","decl":{"start":{"line":15,"column":16},"end":{"line":15,"column":37}},"loc":{"start":{"line":15,"column":55},"end":{"line":29,"column":1}},"line":15}},"branchMap":{"0":{"loc":{"start":{"line":17,"column":2},"end":{"line":20,"column":3}},"type":"if","locations":[{"start":{"line":17,"column":2},"end":{"line":20,"column":3}},{"start":{},"end":{}}],"line":17}},"s":{"0":65,"1":65,"2":66,"3":20,"4":20,"5":5,"6":5,"7":15,"8":15,"9":15,"10":15,"11":15,"12":0},"f":{"0":65,"1":66,"2":20},"b":{"0":[5,15]},"_coverageSchema":"1a1c01bbd47fc00a2c39e90264f33305004495a9","hash":"8e4a5dbdd82c38199e307415d8baa36f196652ea"}
,"/home/mdk177/ssd/nodeJS/NodeJS-for-Beginners-main/step0/stores/user.js": {"path":"/home/mdk177/ssd/nodeJS/NodeJS-for-Beginners-main/step0/stores/user.js","statementMap":{"0":{"start":{"line":5,"column":15},"end":{"line":9,"column":1}},"1":{"start":{"line":6,"column":15},"end":{"line":6,"column":54}},"2":{"start":{"line":7,"column":2},"end":{"line":7,"column":19}},"3":{"start":{"line":8,"column":2},"end":{"line":8,"column":13}},"4":{"start":{"line":11,"column":29},"end":{"line":21,"column":1}},"5":{"start":{"line":12,"column":15},"end":{"line":12,"column":47}},"6":{"start":{"line":13,"column":2},"end":{"line":15,"column":3}},"7":{"start":{"line":14,"column":4},"end":{"line":14,"column":37}},"8":{"start":{"line":16,"column":18},"end":{"line":16,"column":54}},"9":{"start":{"line":17,"column":2},"end":{"line":19,"column":3}},"10":{"start":{"line":18,"column":4},"end":{"line":18,"column":44}},"11":{"start":{"line":20,"column":2},"end":{"line":20,"column":13}}},"fnMap":{"0":{"name":"(anonymous_0)","decl":{"start":{"line":5,"column":15},"end":{"line":5,"column":16}},"loc":{"start":{"line":5,"column":52},"end":{"line":9,"column":1}},"line":5},"1":{"name":"(anonymous_1)","decl":{"start":{"line":11,"column":29},"end":{"line":11,"column":30}},"loc":{"start":{"line":11,"column":59},"end":{"line":21,"column":1}},"line":11}},"branchMap":{"0":{"loc":{"start":{"line":13,"column":2},"end":{"line":15,"column":3}},"type":"if","locations":[{"start":{"line":13,"column":2},"end":{"line":15,"column":3}},{"start":{},"end":{}}],"line":13},"1":{"loc":{"start":{"line":17,"column":2},"end":{"line":19,"column":3}},"type":"if","locations":[{"start":{"line":17,"column":2},"end":{"line":19,"column":3}},{"start":{},"end":{}}],"line":17}},"s":{"0":1,"1":4,"2":4,"3":1,"4":1,"5":5,"6":5,"7":2,"8":3,"9":2,"10":1,"11":1},"f":{"0":4,"1":5},"b":{"0":[2,3],"1":[1,1]},"_coverageSchema":"1a1c01bbd47fc00a2c39e90264f33305004495a9","hash":"0c591e1871a1cc435238c47760e59c9cefc2d1f3"}
,"/home/mdk177/ssd/nodeJS/NodeJS-for-Beginners-main/step0/stores/whisper.js": {"path":"/home/mdk177/ssd/nodeJS/NodeJS-for-Beginners-main/step0/stores/whisper.js","statementMap":{"0":{"start":{"line":5,"column":15},"end":{"line":5,"column":66}},"1":{"start":{"line":5,"column":21},"end":{"line":5,"column":66}},"2":{"start":{"line":6,"column":16},"end":{"line":6,"column":82}},"3":{"start":{"line":6,"column":22},"end":{"line":6,"column":82}},"4":{"start":{"line":7,"column":15},"end":{"line":11,"column":1}},"5":{"start":{"line":8,"column":18},"end":{"line":8,"column":60}},"6":{"start":{"line":9,"column":2},"end":{"line":9,"column":22}},"7":{"start":{"line":10,"column":2},"end":{"line":10,"column":16}},"8":{"start":{"line":12,"column":19},"end":{"line":12,"column":108}},"9":{"start":{"line":12,"column":42},"end":{"line":12,"column":108}},"10":{"start":{"line":13,"column":19},"end":{"line":13,"column":63}},"11":{"start":{"line":13,"column":33},"end":{"line":13,"column":63}}},"fnMap":{"0":{"name":"(anonymous_0)","decl":{"start":{"line":5,"column":15},"end":{"line":5,"column":16}},"loc":{"start":{"line":5,"column":21},"end":{"line":5,"column":66}},"line":5},"1":{"name":"(anonymous_1)","decl":{"start":{"line":6,"column":16},"end":{"line":6,"column":17}},"loc":{"start":{"line":6,"column":22},"end":{"line":6,"column":82}},"line":6},"2":{"name":"(anonymous_2)","decl":{"start":{"line":7,"column":15},"end":{"line":7,"column":16}},"loc":{"start":{"line":7,"column":44},"end":{"line":11,"column":1}},"line":7},"3":{"name":"(anonymous_3)","decl":{"start":{"line":12,"column":19},"end":{"line":12,"column":20}},"loc":{"start":{"line":12,"column":42},"end":{"line":12,"column":108}},"line":12},"4":{"name":"(anonymous_4)","decl":{"start":{"line":13,"column":19},"end":{"line":13,"column":20}},"loc":{"start":{"line":13,"column":33},"end":{"line":13,"column":63}},"line":13}},"branchMap":{},"s":{"0":1,"1":3,"2":1,"3":11,"4":1,"5":1,"6":1,"7":1,"8":1,"9":1,"10":1,"11":1},"f":{"0":3,"1":11,"2":1,"3":1,"4":1},"b":{},"_coverageSchema":"1a1c01bbd47fc00a2c39e90264f33305004495a9","hash":"1b03384608122a939e669cf258ed2a1c6205d9f9"}
,"/home/mdk177/ssd/nodeJS/NodeJS-for-Beginners-main/step0/tests/utils.js": {"path":"/home/mdk177/ssd/nodeJS/NodeJS-for-Beginners-main/step0/tests/utils.js","statementMap":{"0":{"start":{"line":9,"column":27},"end":{"line":18,"column":1}},"1":{"start":{"line":10,"column":2},"end":{"line":17,"column":3}},"2":{"start":{"line":11,"column":4},"end":{"line":13,"column":5}},"3":{"start":{"line":12,"column":6},"end":{"line":12,"column":53}},"4":{"start":{"line":15,"column":4},"end":{"line":15,"column":61}},"5":{"start":{"line":16,"column":4},"end":{"line":16,"column":15}},"6":{"start":{"line":19,"column":26},"end":{"line":23,"column":1}},"7":{"start":{"line":20,"column":2},"end":{"line":22,"column":3}},"8":{"start":{"line":21,"column":4},"end":{"line":21,"column":31}},"9":{"start":{"line":24,"column":18},"end":{"line":27,"column":1}},"10":{"start":{"line":25,"column":2},"end":{"line":25,"column":30}},"11":{"start":{"line":26,"column":2},"end":{"line":26,"column":27}},"12":{"start":{"line":29,"column":25},"end":{"line":32,"column":1}},"13":{"start":{"line":29,"column":31},"end":{"line":32,"column":1}},"14":{"start":{"line":34,"column":19},"end":{"line":49,"column":1}},"15":{"start":{"line":35,"column":16},"end":{"line":35,"column":18}},"16":{"start":{"line":36,"column":2},"end":{"line":39,"column":3}},"17":{"start":{"line":37,"column":23},"end":{"line":37,"column":46}},"18":{"start":{"line":38,"column":4},"end":{"line":38,"column":26}},"19":{"start":{"line":41,"column":19},"end":{"line":44,"column":3}},"20":{"start":{"line":46,"column":2},"end":{"line":48,"column":3}},"21":{"start":{"line":47,"column":4},"end":{"line":47,"column":33}},"22":{"start":{"line":50,"column":20},"end":{"line":62,"column":1}},"23":{"start":{"line":51,"column":15},"end":{"line":51,"column":66}},"24":{"start":{"line":52,"column":19},"end":{"line":52,"column":51}},"25":{"start":{"line":53,"column":21},"end":{"line":53,"column":47}},"26":{"start":{"line":54,"column":21},"end":{"line":54,"column":31}},"27":{"start":{"line":55,"column":22},"end":{"line":55,"column":41}},"28":{"start":{"line":56,"column":34},"end":{"line":56,"column":52}},"29":{"start":{"line":57,"column":2},"end":{"line":57,"column":46}},"30":{"start":{"line":58,"column":2},"end":{"line":58,"column":47}},"31":{"start":{"line":59,"column":2},"end":{"line":59,"column":85}},"32":{"start":{"line":60,"column":2},"end":{"line":60,"column":88}},"33":{"start":{"line":61,"column":2},"end":{"line":61,"column":68}},"34":{"start":{"line":63,"column":18},"end":{"line":63,"column":60}},"35":{"start":{"line":63,"column":28},"end":{"line":63,"column":60}}},"fnMap":{"0":{"name":"(anonymous_0)","decl":{"start":{"line":9,"column":27},"end":{"line":9,"column":28}},"loc":{"start":{"line":9,"column":39},"end":{"line":18,"column":1}},"line":9},"1":{"name":"(anonymous_1)","decl":{"start":{"line":19,"column":26},"end":{"line":19,"column":27}},"loc":{"start":{"line":19,"column":38},"end":{"line":23,"column":1}},"line":19},"2":{"name":"(anonymous_2)","decl":{"start":{"line":24,"column":18},"end":{"line":24,"column":19}},"loc":{"start":{"line":24,"column":30},"end":{"line":27,"column":1}},"line":24},"3":{"name":"(anonymous_3)","decl":{"start":{"line":29,"column":25},"end":{"line":29,"column":26}},"loc":{"start":{"line":29,"column":31},"end":{"line":32,"column":1}},"line":29},"4":{"name":"(anonymous_4)","decl":{"start":{"line":34,"column":19},"end":{"line":34,"column":20}},"loc":{"start":{"line":34,"column":31},"end":{"line":49,"column":1}},"line":34},"5":{"name":"(anonymous_5)","decl":{"start":{"line":50,"column":20},"end":{"line":50,"column":21}},"loc":{"start":{"line":50,"column":32},"end":{"line":62,"column":1}},"line":50},"6":{"name":"(anonymous_6)","decl":{"start":{"line":63,"column":18},"end":{"line":63,"column":19}},"loc":{"start":{"line":63,"column":28},"end":{"line":63,"column":60}},"line":63}},"branchMap":{"0":{"loc":{"start":{"line":11,"column":4},"end":{"line":13,"column":5}},"type":"if","locations":[{"start":{"line":11,"column":4},"end":{"line":13,"column":5}},{"start":{},"end":{}}],"line":11},"1":{"loc":{"start":{"line":20,"column":2},"end":{"line":22,"column":3}},"type":"if","locations":[{"start":{"line":20,"column":2},"end":{"line":22,"column":3}},{"start":{},"end":{}}],"line":20}},"s":{"0":1,"1":1,"2":1,"3":1,"4":0,"5":0,"6":1,"7":1,"8":1,"9":1,"10":33,"11":33,"12":1,"13":64,"14":1,"15":32,"16":32,"17":64,"18":64,"19":32,"20":32,"21":64,"22":1,"23":32,"24":32,"25":32,"26":32,"27":32,"28":32,"29":32,"30":32,"31":32,"32":32,"33":32,"34":1,"35":2},"f":{"0":1,"1":1,"2":33,"3":64,"4":32,"5":32,"6":2},"b":{"0":[1,0],"1":[1,0]},"_coverageSchema":"1a1c01bbd47fc00a2c39e90264f33305004495a9","hash":"c1e2e33589d95017339e273c2986f6b2f1d35e98"}
}
