TN:
SF:database.js
FN:8,(anonymous_0)
FN:60,(anonymous_1)
FN:65,(anonymous_2)
FN:74,(anonymous_3)
FNF:4
FNH:4
FNDA:139,(anonymous_0)
FNDA:65,(anonymous_1)
FNDA:65,(anonymous_2)
FNDA:3,(anonymous_3)
DA:6,1
DA:9,139
DA:10,139
DA:15,1
DA:46,1
DA:60,1
DA:61,65
DA:62,65
DA:65,1
DA:66,65
DA:67,65
DA:68,65
DA:69,65
DA:71,65
DA:74,1
DA:75,3
DA:76,3
DA:80,1
DA:81,1
LF:19
LH:19
BRDA:67,0,0,65
BRDA:67,0,1,0
BRF:2
BRH:1
end_of_record
TN:
SF:server.js
FN:12,(anonymous_0)
FN:16,(anonymous_1)
FN:20,(anonymous_2)
FN:24,(anonymous_3)
FN:34,(anonymous_4)
FN:45,(anonymous_5)
FN:50,(anonymous_6)
FN:55,(anonymous_7)
FN:65,(anonymous_8)
FN:75,(anonymous_9)
FN:96,(anonymous_10)
FNF:11
FNH:10
FNDA:1,(anonymous_0)
FNDA:1,(anonymous_1)
FNDA:0,(anonymous_2)
FNDA:5,(anonymous_3)
FNDA:4,(anonymous_4)
FNDA:1,(anonymous_5)
FNDA:2,(anonymous_6)
FNDA:2,(anonymous_7)
FNDA:3,(anonymous_8)
FNDA:5,(anonymous_9)
FNDA:3,(anonymous_10)
DA:7,1
DA:8,1
DA:9,1
DA:10,1
DA:12,1
DA:13,1
DA:16,1
DA:17,1
DA:20,1
DA:21,0
DA:24,1
DA:25,5
DA:26,5
DA:27,5
DA:28,1
DA:29,1
DA:31,4
DA:34,1
DA:35,4
DA:36,4
DA:37,4
DA:38,1
DA:39,1
DA:41,3
DA:45,1
DA:46,1
DA:47,1
DA:50,1
DA:51,2
DA:52,2
DA:55,1
DA:56,2
DA:57,2
DA:58,2
DA:59,1
DA:61,1
DA:65,1
DA:66,3
DA:67,3
DA:68,2
DA:69,2
DA:71,1
DA:72,1
DA:75,1
DA:76,5
DA:77,5
DA:78,5
DA:79,2
DA:80,2
DA:82,3
DA:83,3
DA:84,1
DA:85,1
DA:88,2
DA:89,1
DA:90,1
DA:92,1
DA:93,1
DA:96,1
DA:97,3
DA:98,3
DA:99,3
DA:100,1
DA:101,1
DA:103,2
DA:104,1
DA:105,1
DA:107,1
DA:108,1
LF:69
LH:68
BRDA:58,0,0,1
BRDA:58,0,1,1
BRDA:67,1,0,2
BRDA:67,1,1,1
BRDA:78,2,0,2
BRDA:78,2,1,3
BRDA:83,3,0,1
BRDA:83,3,1,2
BRDA:88,4,0,1
BRDA:88,4,1,1
BRDA:99,5,0,1
BRDA:99,5,1,2
BRDA:103,6,0,1
BRDA:103,6,1,1
BRF:14
BRH:14
end_of_record
TN:
SF:utils.js
FN:3,checkPasswordStrength
FN:9,generateToken
FN:15,requireAuthentication
FNF:3
FNH:3
FNDA:65,checkPasswordStrength
FNDA:66,generateToken
FNDA:20,requireAuthentication
DA:5,65
DA:6,65
DA:10,66
DA:16,20
DA:17,20
DA:18,5
DA:19,5
DA:21,15
DA:22,15
DA:23,15
DA:24,15
DA:25,15
DA:27,0
LF:13
LH:12
BRDA:17,0,0,5
BRDA:17,0,1,15
BRF:2
BRH:2
end_of_record
TN:
SF:stores/user.js
FN:5,(anonymous_0)
FN:11,(anonymous_1)
FNF:2
FNH:2
FNDA:4,(anonymous_0)
FNDA:5,(anonymous_1)
DA:5,1
DA:6,4
DA:7,4
DA:8,1
DA:11,1
DA:12,5
DA:13,5
DA:14,2
DA:16,3
DA:17,2
DA:18,1
DA:20,1
LF:12
LH:12
BRDA:13,0,0,2
BRDA:13,0,1,3
BRDA:17,1,0,1
BRDA:17,1,1,1
BRF:4
BRH:4
end_of_record
TN:
SF:stores/whisper.js
FN:5,(anonymous_0)
FN:6,(anonymous_1)
FN:7,(anonymous_2)
FN:12,(anonymous_3)
FN:13,(anonymous_4)
FNF:5
FNH:5
FNDA:3,(anonymous_0)
FNDA:11,(anonymous_1)
FNDA:1,(anonymous_2)
FNDA:1,(anonymous_3)
FNDA:1,(anonymous_4)
DA:5,3
DA:6,11
DA:7,1
DA:8,1
DA:9,1
DA:10,1
DA:12,1
DA:13,1
LF:8
LH:8
BRF:0
BRH:0
end_of_record
TN:
SF:tests/utils.js
FN:9,(anonymous_0)
FN:19,(anonymous_1)
FN:24,(anonymous_2)
FN:29,(anonymous_3)
FN:34,(anonymous_4)
FN:50,(anonymous_5)
FN:63,(anonymous_6)
FNF:7
FNH:7
FNDA:1,(anonymous_0)
FNDA:1,(anonymous_1)
FNDA:33,(anonymous_2)
FNDA:64,(anonymous_3)
FNDA:32,(anonymous_4)
FNDA:32,(anonymous_5)
FNDA:2,(anonymous_6)
DA:9,1
DA:10,1
DA:11,1
DA:12,1
DA:15,0
DA:16,0
DA:19,1
DA:20,1
DA:21,1
DA:24,1
DA:25,33
DA:26,33
DA:29,64
DA:34,1
DA:35,32
DA:36,32
DA:37,64
DA:38,64
DA:41,32
DA:46,32
DA:47,64
DA:50,1
DA:51,32
DA:52,32
DA:53,32
DA:54,32
DA:55,32
DA:56,32
DA:57,32
DA:58,32
DA:59,32
DA:60,32
DA:61,32
DA:63,2
LF:34
LH:32
BRDA:11,0,0,1
BRDA:11,0,1,0
BRDA:20,1,0,1
BRDA:20,1,1,0
BRF:4
BRH:2
end_of_record
